<?xml version="1.0" encoding="UTF-8"?>
<!-- Generated by org.testng.reporters.JUnitXMLReporter -->
<testsuite hostname="HMECL000220" ignored="2" name="Google Search Test1" tests="4" failures="2" timestamp="04 Jun 2017 04:54:46 GMT" time="41.185" errors="0">
  <testcase name="googleSearchTest" time="11.857" classname="com.happiestmind.automation.suite.smoke.GoogleSearchTest"/>
  <testcase name="googleSearchTest" time="9.0" classname="com.happiestmind.automation.suite.smoke.GoogleSearchTest">
    <failure type="java.lang.AssertionError" message="expected [not Google] but found [Google]">
      <![CDATA[java.lang.AssertionError: expected [not Google] but found [Google]
	at com.happiestmind.automation.util.MiscUtils.assertion(MiscUtils.java:244)
	at com.happiestmind.automation.suite.smoke.GoogleSearchTest.googleSearchTest(GoogleSearchTest.java:89)
... Removed 31 stack frames]]>
    </failure>
  </testcase> <!-- googleSearchTest -->
  <testcase name="googleSearchTest" time="8.346" classname="com.happiestmind.automation.suite.smoke.GoogleSearch1Test"/>
  <testcase name="googleSearchTest" time="9.875" classname="com.happiestmind.automation.suite.smoke.GoogleSearch1Test">
    <failure type="java.lang.AssertionError" message="expected [not Google] but found [Google]">
      <![CDATA[java.lang.AssertionError: expected [not Google] but found [Google]
	at com.happiestmind.automation.util.MiscUtils.assertion(MiscUtils.java:244)
	at com.happiestmind.automation.suite.smoke.GoogleSearch1Test.googleSearchTest(GoogleSearch1Test.java:89)
... Removed 31 stack frames]]>
    </failure>
  </testcase> <!-- googleSearchTest -->
  <testcase name="@BeforeSuite checkSuiteSkip" time="0.0" classname="com.happiestmind.automation.suite.smoke.SmokeSuiteBaseImpl">
    <ignored/>
  </testcase> <!-- @BeforeSuite checkSuiteSkip -->
  <testcase name="@AfterSuite closeConnections" time="0.0" classname="com.happiestmind.automation.suite.smoke.SmokeSuiteBaseImpl">
    <ignored/>
  </testcase> <!-- @AfterSuite closeConnections -->
</testsuite> <!-- Google Search Test1 -->
